0 verbose cli /usr/bin/node /usr/bin/npm
1 info using npm@9.2.0
2 info using node@v18.19.1
3 timing npm:load:whichnode Completed in 1ms
4 timing config:load:defaults Completed in 3ms
5 timing config:load:file:/usr/share/nodejs/npm/npmrc Completed in 9ms
6 timing config:load:builtin Completed in 9ms
7 timing config:load:cli Completed in 4ms
8 timing config:load:env Completed in 0ms
9 timing config:load:file:/root/my-node-app/.npmrc Completed in 1ms
10 timing config:load:project Completed in 6ms
11 timing config:load:file:/root/.npmrc Completed in 0ms
12 timing config:load:user Completed in 0ms
13 timing config:load:file:/etc/npmrc Completed in 1ms
14 timing config:load:global Completed in 1ms
15 timing config:load:setEnvs Completed in 1ms
16 timing config:load Completed in 26ms
17 timing npm:load:configload Completed in 26ms
18 timing npm:load:mkdirpcache Completed in 2ms
19 timing npm:load:mkdirplogs Completed in 0ms
20 verbose title npm install express
21 verbose argv "install" "express"
22 timing npm:load:setTitle Completed in 3ms
23 timing config:load:flatten Completed in 10ms
24 timing npm:load:display Completed in 12ms
25 verbose logfile logs-max:10 dir:/root/.npm/_logs/2024-06-26T04_00_33_243Z-
26 verbose logfile /root/.npm/_logs/2024-06-26T04_00_33_243Z-debug-0.log
27 timing npm:load:logFile Completed in 14ms
28 timing npm:load:timers Completed in 0ms
29 timing npm:load:configScope Completed in 0ms
30 timing npm:load Completed in 59ms
31 silly logfile done cleaning log files
32 timing config:load:flatten Completed in 0ms
33 timing arborist:ctor Completed in 1ms
34 timing arborist:ctor Completed in 0ms
35 timing idealTree:init Completed in 61ms
36 timing idealTree:userRequests Completed in 10ms
37 silly idealTree buildDeps
38 silly fetch manifest express@*
39 http fetch GET 200 https://registry.npmjs.org/express 236ms (cache miss)
40 silly placeDep ROOT express@4.19.2 OK for: my-node-app@1.0.0 want: *
41 silly fetch manifest qs@6.11.0
42 silly fetch manifest depd@2.0.0
43 silly fetch manifest etag@~1.8.1
44 silly fetch manifest send@0.18.0
45 silly fetch manifest vary@~1.1.2
46 silly fetch manifest debug@2.6.9
47 silly fetch manifest fresh@0.5.2
48 silly fetch manifest cookie@0.6.0
49 silly fetch manifest accepts@~1.3.8
50 silly fetch manifest methods@~1.1.2
51 silly fetch manifest type-is@~1.6.18
52 silly fetch manifest parseurl@~1.3.3
53 silly fetch manifest statuses@2.0.1
54 silly fetch manifest encodeurl@~1.0.2
55 silly fetch manifest proxy-addr@~2.0.7
56 silly fetch manifest body-parser@1.20.2
57 silly fetch manifest escape-html@~1.0.3
58 silly fetch manifest http-errors@2.0.0
59 silly fetch manifest on-finished@2.4.1
60 silly fetch manifest safe-buffer@5.2.1
61 silly fetch manifest utils-merge@1.0.1
62 silly fetch manifest content-type@~1.0.4
63 silly fetch manifest finalhandler@1.2.0
64 silly fetch manifest range-parser@~1.2.1
65 silly fetch manifest serve-static@1.15.0
66 silly fetch manifest array-flatten@1.1.1
67 silly fetch manifest path-to-regexp@0.1.7
68 silly fetch manifest setprototypeof@1.2.0
69 silly fetch manifest cookie-signature@1.0.6
70 silly fetch manifest merge-descriptors@1.0.1
71 silly fetch manifest content-disposition@0.5.4
72 http fetch GET 200 https://registry.npmjs.org/qs 414ms (cache miss)
73 http fetch GET 200 https://registry.npmjs.org/vary 457ms (cache miss)
74 http fetch GET 200 https://registry.npmjs.org/depd 462ms (cache miss)
75 http fetch GET 200 https://registry.npmjs.org/methods 460ms (cache miss)
76 http fetch GET 200 https://registry.npmjs.org/safe-buffer 452ms (cache miss)
77 http fetch GET 200 https://registry.npmjs.org/encodeurl 460ms (cache miss)
78 http fetch GET 200 https://registry.npmjs.org/etag 472ms (cache miss)
79 http fetch GET 200 https://registry.npmjs.org/escape-html 462ms (cache miss)
80 http fetch GET 200 https://registry.npmjs.org/utils-merge 459ms (cache miss)
81 http fetch GET 200 https://registry.npmjs.org/parseurl 474ms (cache miss)
82 http fetch GET 200 https://registry.npmjs.org/fresh 481ms (cache miss)
83 http fetch GET 200 https://registry.npmjs.org/on-finished 472ms (cache miss)
84 http fetch GET 200 https://registry.npmjs.org/content-type 467ms (cache miss)
85 http fetch GET 200 https://registry.npmjs.org/statuses 478ms (cache miss)
86 http fetch GET 200 https://registry.npmjs.org/setprototypeof 464ms (cache miss)
87 http fetch GET 200 https://registry.npmjs.org/range-parser 476ms (cache miss)
88 http fetch GET 200 https://registry.npmjs.org/merge-descriptors 471ms (cache miss)
89 http fetch GET 200 https://registry.npmjs.org/cookie 493ms (cache miss)
90 http fetch GET 200 https://registry.npmjs.org/serve-static 478ms (cache miss)
91 http fetch GET 200 https://registry.npmjs.org/cookie-signature 476ms (cache miss)
92 http fetch GET 200 https://registry.npmjs.org/accepts 498ms (cache miss)
93 http fetch GET 200 https://registry.npmjs.org/content-disposition 478ms (cache miss)
94 http fetch GET 200 https://registry.npmjs.org/array-flatten 485ms (cache miss)
95 http fetch GET 200 https://registry.npmjs.org/body-parser 497ms (cache miss)
96 http fetch GET 200 https://registry.npmjs.org/proxy-addr 501ms (cache miss)
97 http fetch GET 200 https://registry.npmjs.org/type-is 505ms (cache miss)
98 http fetch GET 200 https://registry.npmjs.org/finalhandler 496ms (cache miss)
99 http fetch GET 200 https://registry.npmjs.org/http-errors 505ms (cache miss)
100 http fetch GET 200 https://registry.npmjs.org/send 519ms (cache miss)
101 http fetch GET 200 https://registry.npmjs.org/path-to-regexp 500ms (cache miss)
102 http fetch GET 200 https://registry.npmjs.org/debug 525ms (cache miss)
103 timing idealTree:#root Completed in 803ms
104 silly placeDep ROOT accepts@1.3.8 OK for: express@4.19.2 want: ~1.3.8
105 silly placeDep ROOT array-flatten@1.1.1 OK for: express@4.19.2 want: 1.1.1
106 silly placeDep ROOT body-parser@1.20.2 OK for: express@4.19.2 want: 1.20.2
107 silly placeDep ROOT content-disposition@0.5.4 OK for: express@4.19.2 want: 0.5.4
108 silly placeDep ROOT content-type@1.0.5 OK for: express@4.19.2 want: ~1.0.4
109 silly placeDep ROOT cookie@0.6.0 OK for: express@4.19.2 want: 0.6.0
110 silly placeDep ROOT cookie-signature@1.0.6 OK for: express@4.19.2 want: 1.0.6
111 silly placeDep ROOT debug@2.6.9 OK for: express@4.19.2 want: 2.6.9
112 silly placeDep ROOT depd@2.0.0 OK for: express@4.19.2 want: 2.0.0
113 silly placeDep ROOT encodeurl@1.0.2 OK for: express@4.19.2 want: ~1.0.2
114 silly placeDep ROOT escape-html@1.0.3 OK for: express@4.19.2 want: ~1.0.3
115 silly placeDep ROOT etag@1.8.1 OK for: express@4.19.2 want: ~1.8.1
116 silly placeDep ROOT finalhandler@1.2.0 OK for: express@4.19.2 want: 1.2.0
117 silly placeDep ROOT fresh@0.5.2 OK for: express@4.19.2 want: 0.5.2
118 silly placeDep ROOT http-errors@2.0.0 OK for: express@4.19.2 want: 2.0.0
119 silly placeDep ROOT merge-descriptors@1.0.1 OK for: express@4.19.2 want: 1.0.1
120 silly placeDep ROOT methods@1.1.2 OK for: express@4.19.2 want: ~1.1.2
121 silly placeDep ROOT on-finished@2.4.1 OK for: express@4.19.2 want: 2.4.1
122 silly placeDep ROOT parseurl@1.3.3 OK for: express@4.19.2 want: ~1.3.3
123 silly placeDep ROOT path-to-regexp@0.1.7 OK for: express@4.19.2 want: 0.1.7
124 silly placeDep ROOT proxy-addr@2.0.7 OK for: express@4.19.2 want: ~2.0.7
125 silly placeDep ROOT qs@6.11.0 OK for: express@4.19.2 want: 6.11.0
126 silly placeDep ROOT range-parser@1.2.1 OK for: express@4.19.2 want: ~1.2.1
127 silly placeDep ROOT safe-buffer@5.2.1 OK for: express@4.19.2 want: 5.2.1
128 silly placeDep ROOT send@0.18.0 OK for: express@4.19.2 want: 0.18.0
129 silly placeDep ROOT serve-static@1.15.0 OK for: express@4.19.2 want: 1.15.0
130 silly placeDep ROOT setprototypeof@1.2.0 OK for: express@4.19.2 want: 1.2.0
131 silly placeDep ROOT statuses@2.0.1 OK for: express@4.19.2 want: 2.0.1
132 silly placeDep ROOT type-is@1.6.18 OK for: express@4.19.2 want: ~1.6.18
133 silly placeDep ROOT utils-merge@1.0.1 OK for: express@4.19.2 want: 1.0.1
134 silly placeDep ROOT vary@1.1.2 OK for: express@4.19.2 want: ~1.1.2
135 silly fetch manifest mime-types@~2.1.34
136 silly fetch manifest negotiator@0.6.3
137 silly fetch manifest bytes@3.1.2
138 silly fetch manifest unpipe@1.0.0
139 silly fetch manifest destroy@1.2.0
140 silly fetch manifest raw-body@2.5.2
141 silly fetch manifest iconv-lite@0.4.24
142 silly fetch manifest ms@2.0.0
143 silly fetch manifest unpipe@~1.0.0
144 silly fetch manifest inherits@2.0.4
145 silly fetch manifest toidentifier@1.0.1
146 silly fetch manifest ee-first@1.1.1
147 silly fetch manifest forwarded@0.2.0
148 silly fetch manifest ipaddr.js@1.9.1
149 silly fetch manifest side-channel@^1.0.4
150 silly fetch manifest ms@2.1.3
151 silly fetch manifest mime@1.6.0
152 silly fetch manifest media-typer@0.3.0
153 silly fetch manifest mime-types@~2.1.24
154 http fetch GET 200 https://registry.npmjs.org/unpipe 287ms (cache miss)
155 http fetch GET 200 https://registry.npmjs.org/unpipe 288ms (cache miss)
156 http fetch GET 200 https://registry.npmjs.org/inherits 288ms (cache miss)
157 http fetch GET 200 https://registry.npmjs.org/forwarded 285ms (cache miss)
158 http fetch GET 200 https://registry.npmjs.org/ee-first 290ms (cache miss)
159 http fetch GET 200 https://registry.npmjs.org/destroy 298ms (cache miss)
160 http fetch GET 200 https://registry.npmjs.org/toidentifier 293ms (cache miss)
161 http fetch GET 200 https://registry.npmjs.org/side-channel 291ms (cache miss)
162 http fetch GET 200 https://registry.npmjs.org/bytes 307ms (cache miss)
163 http fetch GET 200 https://registry.npmjs.org/media-typer 289ms (cache miss)
164 http fetch GET 200 https://registry.npmjs.org/negotiator 310ms (cache miss)
165 http fetch GET 200 https://registry.npmjs.org/ipaddr.js 298ms (cache miss)
166 http fetch GET 200 https://registry.npmjs.org/ms 297ms (cache miss)
167 http fetch GET 200 https://registry.npmjs.org/ms 316ms (cache miss)
168 http fetch GET 200 https://registry.npmjs.org/iconv-lite 319ms (cache miss)
169 http fetch GET 200 https://registry.npmjs.org/raw-body 321ms (cache miss)
170 http fetch GET 200 https://registry.npmjs.org/mime 310ms (cache miss)
171 http fetch GET 200 https://registry.npmjs.org/mime-types 334ms (cache miss)
172 http fetch GET 200 https://registry.npmjs.org/mime-types 313ms (cache miss)
173 timing idealTree:node_modules/express Completed in 446ms
174 silly placeDep ROOT mime-types@2.1.35 OK for: accepts@1.3.8 want: ~2.1.34
175 silly placeDep ROOT negotiator@0.6.3 OK for: accepts@1.3.8 want: 0.6.3
176 silly fetch manifest mime-db@1.52.0
177 http fetch GET 200 https://registry.npmjs.org/mime-db 37ms (cache miss)
178 timing idealTree:node_modules/accepts Completed in 48ms
179 timing idealTree:node_modules/array-flatten Completed in 0ms
180 silly placeDep ROOT bytes@3.1.2 OK for: body-parser@1.20.2 want: 3.1.2
181 silly placeDep ROOT destroy@1.2.0 OK for: body-parser@1.20.2 want: 1.2.0
182 silly placeDep ROOT iconv-lite@0.4.24 OK for: body-parser@1.20.2 want: 0.4.24
183 silly placeDep ROOT raw-body@2.5.2 OK for: body-parser@1.20.2 want: 2.5.2
184 silly placeDep ROOT unpipe@1.0.0 OK for: body-parser@1.20.2 want: 1.0.0
185 silly fetch manifest safer-buffer@>= 2.1.2 < 3
186 http fetch GET 200 https://registry.npmjs.org/safer-buffer 35ms (cache miss)
187 timing idealTree:node_modules/body-parser Completed in 49ms
188 timing idealTree:node_modules/bytes Completed in 0ms
189 timing idealTree:node_modules/content-disposition Completed in 0ms
190 timing idealTree:node_modules/content-type Completed in 0ms
191 timing idealTree:node_modules/cookie Completed in 0ms
192 timing idealTree:node_modules/cookie-signature Completed in 0ms
193 silly placeDep ROOT ms@2.0.0 OK for: debug@2.6.9 want: 2.0.0
194 timing idealTree:node_modules/debug Completed in 3ms
195 timing idealTree:node_modules/depd Completed in 0ms
196 timing idealTree:node_modules/destroy Completed in 0ms
197 timing idealTree:node_modules/encodeurl Completed in 0ms
198 timing idealTree:node_modules/escape-html Completed in 0ms
199 timing idealTree:node_modules/etag Completed in 0ms
200 timing idealTree:node_modules/finalhandler Completed in 0ms
201 timing idealTree:node_modules/fresh Completed in 0ms
202 silly placeDep ROOT inherits@2.0.4 OK for: http-errors@2.0.0 want: 2.0.4
203 silly placeDep ROOT toidentifier@1.0.1 OK for: http-errors@2.0.0 want: 1.0.1
204 timing idealTree:node_modules/http-errors Completed in 6ms
205 silly placeDep ROOT safer-buffer@2.1.2 OK for: iconv-lite@0.4.24 want: >= 2.1.2 < 3
206 timing idealTree:node_modules/iconv-lite Completed in 2ms
207 timing idealTree:node_modules/inherits Completed in 0ms
208 timing idealTree:node_modules/merge-descriptors Completed in 0ms
209 timing idealTree:node_modules/methods Completed in 0ms
210 silly placeDep ROOT mime-db@1.52.0 OK for: mime-types@2.1.35 want: 1.52.0
211 timing idealTree:node_modules/mime-types Completed in 2ms
212 timing idealTree:node_modules/mime-db Completed in 0ms
213 timing idealTree:node_modules/ms Completed in 0ms
214 timing idealTree:node_modules/negotiator Completed in 0ms
215 silly placeDep ROOT ee-first@1.1.1 OK for: on-finished@2.4.1 want: 1.1.1
216 timing idealTree:node_modules/on-finished Completed in 1ms
217 timing idealTree:node_modules/ee-first Completed in 0ms
218 timing idealTree:node_modules/parseurl Completed in 0ms
219 timing idealTree:node_modules/path-to-regexp Completed in 0ms
220 silly placeDep ROOT forwarded@0.2.0 OK for: proxy-addr@2.0.7 want: 0.2.0
221 silly placeDep ROOT ipaddr.js@1.9.1 OK for: proxy-addr@2.0.7 want: 1.9.1
222 timing idealTree:node_modules/proxy-addr Completed in 2ms
223 timing idealTree:node_modules/forwarded Completed in 0ms
224 timing idealTree:node_modules/ipaddr.js Completed in 0ms
225 silly placeDep ROOT side-channel@1.0.6 OK for: qs@6.11.0 want: ^1.0.4
226 silly fetch manifest call-bind@^1.0.7
227 silly fetch manifest es-errors@^1.3.0
228 silly fetch manifest get-intrinsic@^1.2.4
229 silly fetch manifest object-inspect@^1.13.1
230 http fetch GET 200 https://registry.npmjs.org/call-bind 59ms (cache miss)
231 http fetch GET 200 https://registry.npmjs.org/es-errors 62ms (cache miss)
232 http fetch GET 200 https://registry.npmjs.org/get-intrinsic 64ms (cache miss)
233 http fetch GET 200 https://registry.npmjs.org/object-inspect 65ms (cache miss)
234 timing idealTree:node_modules/qs Completed in 74ms
235 timing idealTree:node_modules/range-parser Completed in 0ms
236 timing idealTree:node_modules/raw-body Completed in 0ms
237 timing idealTree:node_modules/safe-buffer Completed in 0ms
238 timing idealTree:node_modules/safer-buffer Completed in 0ms
239 silly placeDep ROOT mime@1.6.0 OK for: send@0.18.0 want: 1.6.0
240 silly placeDep node_modules/send ms@2.1.3 OK for: send@0.18.0 want: 2.1.3
241 timing idealTree:node_modules/send Completed in 11ms
242 timing idealTree:node_modules/mime Completed in 0ms
243 timing idealTree:node_modules/serve-static Completed in 0ms
244 timing idealTree:node_modules/setprototypeof Completed in 0ms
245 silly placeDep ROOT call-bind@1.0.7 OK for: side-channel@1.0.6 want: ^1.0.7
246 silly placeDep ROOT es-errors@1.3.0 OK for: side-channel@1.0.6 want: ^1.3.0
247 silly placeDep ROOT get-intrinsic@1.2.4 OK for: side-channel@1.0.6 want: ^1.2.4
248 silly placeDep ROOT object-inspect@1.13.2 OK for: side-channel@1.0.6 want: ^1.13.1
249 silly fetch manifest es-define-property@^1.0.0
250 silly fetch manifest function-bind@^1.1.2
251 silly fetch manifest set-function-length@^1.2.1
252 silly fetch manifest has-proto@^1.0.1
253 silly fetch manifest has-symbols@^1.0.3
254 silly fetch manifest hasown@^2.0.0
255 http fetch GET 200 https://registry.npmjs.org/es-define-property 49ms (cache miss)
256 http fetch GET 200 https://registry.npmjs.org/has-proto 137ms (cache miss)
257 http fetch GET 200 https://registry.npmjs.org/has-symbols 143ms (cache miss)
258 http fetch GET 200 https://registry.npmjs.org/set-function-length 149ms (cache miss)
259 http fetch GET 200 https://registry.npmjs.org/function-bind 157ms (cache miss)
260 http fetch GET 200 https://registry.npmjs.org/hasown 145ms (cache miss)
261 timing idealTree:node_modules/side-channel Completed in 180ms
262 silly placeDep ROOT es-define-property@1.0.0 OK for: call-bind@1.0.7 want: ^1.0.0
263 silly placeDep ROOT function-bind@1.1.2 OK for: call-bind@1.0.7 want: ^1.1.2
264 silly placeDep ROOT set-function-length@1.2.2 OK for: call-bind@1.0.7 want: ^1.2.1
265 silly fetch manifest define-data-property@^1.1.4
266 silly fetch manifest gopd@^1.0.1
267 silly fetch manifest has-property-descriptors@^1.0.2
268 http fetch GET 200 https://registry.npmjs.org/gopd 50ms (cache miss)
269 http fetch GET 200 https://registry.npmjs.org/has-property-descriptors 49ms (cache miss)
270 http fetch GET 200 https://registry.npmjs.org/define-data-property 53ms (cache miss)
271 timing idealTree:node_modules/call-bind Completed in 71ms
272 timing idealTree:node_modules/es-define-property Completed in 0ms
273 timing idealTree:node_modules/es-errors Completed in 0ms
274 timing idealTree:node_modules/function-bind Completed in 0ms
275 silly placeDep ROOT has-proto@1.0.3 OK for: get-intrinsic@1.2.4 want: ^1.0.1
276 silly placeDep ROOT has-symbols@1.0.3 OK for: get-intrinsic@1.2.4 want: ^1.0.3
277 silly placeDep ROOT hasown@2.0.2 OK for: get-intrinsic@1.2.4 want: ^2.0.0
278 timing idealTree:node_modules/get-intrinsic Completed in 13ms
279 timing idealTree:node_modules/has-proto Completed in 0ms
280 timing idealTree:node_modules/has-symbols Completed in 0ms
281 timing idealTree:node_modules/hasown Completed in 0ms
282 timing idealTree:node_modules/object-inspect Completed in 0ms
283 silly placeDep ROOT define-data-property@1.1.4 OK for: set-function-length@1.2.2 want: ^1.1.4
284 silly placeDep ROOT gopd@1.0.1 OK for: set-function-length@1.2.2 want: ^1.0.1
285 silly placeDep ROOT has-property-descriptors@1.0.2 OK for: set-function-length@1.2.2 want: ^1.0.2
286 timing idealTree:node_modules/set-function-length Completed in 6ms
287 timing idealTree:node_modules/define-data-property Completed in 0ms
288 timing idealTree:node_modules/gopd Completed in 0ms
289 timing idealTree:node_modules/has-property-descriptors Completed in 0ms
290 timing idealTree:node_modules/statuses Completed in 0ms
291 timing idealTree:node_modules/toidentifier Completed in 0ms
292 silly placeDep ROOT media-typer@0.3.0 OK for: type-is@1.6.18 want: 0.3.0
293 timing idealTree:node_modules/type-is Completed in 2ms
294 timing idealTree:node_modules/media-typer Completed in 0ms
295 timing idealTree:node_modules/unpipe Completed in 0ms
296 timing idealTree:node_modules/utils-merge Completed in 0ms
297 timing idealTree:node_modules/vary Completed in 0ms
298 timing idealTree:node_modules/send/node_modules/ms Completed in 0ms
299 timing idealTree:buildDeps Completed in 1733ms
300 timing idealTree:fixDepFlags Completed in 2ms
301 timing idealTree Completed in 1813ms
302 timing reify:loadTrees Completed in 1815ms
303 timing reify:diffTrees Completed in 4ms
304 silly reify moves {}
305 timing reify:retireShallow Completed in 2ms
306 timing reify:createSparse Completed in 20ms
307 timing reify:loadBundles Completed in 0ms
308 silly audit bulk request {
308 silly audit   express: [ '4.19.2' ],
308 silly audit   accepts: [ '1.3.8' ],
308 silly audit   'array-flatten': [ '1.1.1' ],
308 silly audit   'body-parser': [ '1.20.2' ],
308 silly audit   'content-disposition': [ '0.5.4' ],
308 silly audit   'content-type': [ '1.0.5' ],
308 silly audit   cookie: [ '0.6.0' ],
308 silly audit   'cookie-signature': [ '1.0.6' ],
308 silly audit   debug: [ '2.6.9' ],
308 silly audit   depd: [ '2.0.0' ],
308 silly audit   encodeurl: [ '1.0.2' ],
308 silly audit   'escape-html': [ '1.0.3' ],
308 silly audit   etag: [ '1.8.1' ],
308 silly audit   finalhandler: [ '1.2.0' ],
308 silly audit   fresh: [ '0.5.2' ],
308 silly audit   'http-errors': [ '2.0.0' ],
308 silly audit   'merge-descriptors': [ '1.0.1' ],
308 silly audit   methods: [ '1.1.2' ],
308 silly audit   'on-finished': [ '2.4.1' ],
308 silly audit   parseurl: [ '1.3.3' ],
308 silly audit   'path-to-regexp': [ '0.1.7' ],
308 silly audit   'proxy-addr': [ '2.0.7' ],
308 silly audit   qs: [ '6.11.0' ],
308 silly audit   'range-parser': [ '1.2.1' ],
308 silly audit   'safe-buffer': [ '5.2.1' ],
308 silly audit   send: [ '0.18.0' ],
308 silly audit   'serve-static': [ '1.15.0' ],
308 silly audit   setprototypeof: [ '1.2.0' ],
308 silly audit   statuses: [ '2.0.1' ],
308 silly audit   'type-is': [ '1.6.18' ],
308 silly audit   'utils-merge': [ '1.0.1' ],
308 silly audit   vary: [ '1.1.2' ],
308 silly audit   'mime-types': [ '2.1.35' ],
308 silly audit   negotiator: [ '0.6.3' ],
308 silly audit   bytes: [ '3.1.2' ],
308 silly audit   destroy: [ '1.2.0' ],
308 silly audit   'iconv-lite': [ '0.4.24' ],
308 silly audit   'raw-body': [ '2.5.2' ],
308 silly audit   unpipe: [ '1.0.0' ],
308 silly audit   ms: [ '2.0.0', '2.1.3' ],
308 silly audit   inherits: [ '2.0.4' ],
308 silly audit   toidentifier: [ '1.0.1' ],
308 silly audit   'safer-buffer': [ '2.1.2' ],
308 silly audit   'mime-db': [ '1.52.0' ],
308 silly audit   'ee-first': [ '1.1.1' ],
308 silly audit   forwarded: [ '0.2.0' ],
308 silly audit   'ipaddr.js': [ '1.9.1' ],
308 silly audit   'side-channel': [ '1.0.6' ],
308 silly audit   mime: [ '1.6.0' ],
308 silly audit   'call-bind': [ '1.0.7' ],
308 silly audit   'es-errors': [ '1.3.0' ],
308 silly audit   'get-intrinsic': [ '1.2.4' ],
308 silly audit   'object-inspect': [ '1.13.2' ],
308 silly audit   'es-define-property': [ '1.0.0' ],
308 silly audit   'function-bind': [ '1.1.2' ],
308 silly audit   'set-function-length': [ '1.2.2' ],
308 silly audit   'has-proto': [ '1.0.3' ],
308 silly audit   'has-symbols': [ '1.0.3' ],
308 silly audit   hasown: [ '2.0.2' ],
308 silly audit   'define-data-property': [ '1.1.4' ],
308 silly audit   gopd: [ '1.0.1' ],
308 silly audit   'has-property-descriptors': [ '1.0.2' ],
308 silly audit   'media-typer': [ '0.3.0' ]
308 silly audit }
309 silly tarball no local data for ms@https://registry.npmjs.org/ms/-/ms-2.1.3.tgz. Extracting by manifest.
310 silly tarball no local data for media-typer@https://registry.npmjs.org/media-typer/-/media-typer-0.3.0.tgz. Extracting by manifest.
311 silly tarball no local data for has-property-descriptors@https://registry.npmjs.org/has-property-descriptors/-/has-property-descriptors-1.0.2.tgz. Extracting by manifest.
312 silly tarball no local data for gopd@https://registry.npmjs.org/gopd/-/gopd-1.0.1.tgz. Extracting by manifest.
313 silly tarball no local data for define-data-property@https://registry.npmjs.org/define-data-property/-/define-data-property-1.1.4.tgz. Extracting by manifest.
314 silly tarball no local data for hasown@https://registry.npmjs.org/hasown/-/hasown-2.0.2.tgz. Extracting by manifest.
315 silly tarball no local data for has-symbols@https://registry.npmjs.org/has-symbols/-/has-symbols-1.0.3.tgz. Extracting by manifest.
316 silly tarball no local data for has-proto@https://registry.npmjs.org/has-proto/-/has-proto-1.0.3.tgz. Extracting by manifest.
317 silly tarball no local data for set-function-length@https://registry.npmjs.org/set-function-length/-/set-function-length-1.2.2.tgz. Extracting by manifest.
318 silly tarball no local data for function-bind@https://registry.npmjs.org/function-bind/-/function-bind-1.1.2.tgz. Extracting by manifest.
319 silly tarball no local data for es-define-property@https://registry.npmjs.org/es-define-property/-/es-define-property-1.0.0.tgz. Extracting by manifest.
320 silly tarball no local data for object-inspect@https://registry.npmjs.org/object-inspect/-/object-inspect-1.13.2.tgz. Extracting by manifest.
321 silly tarball no local data for get-intrinsic@https://registry.npmjs.org/get-intrinsic/-/get-intrinsic-1.2.4.tgz. Extracting by manifest.
322 silly tarball no local data for es-errors@https://registry.npmjs.org/es-errors/-/es-errors-1.3.0.tgz. Extracting by manifest.
323 silly tarball no local data for call-bind@https://registry.npmjs.org/call-bind/-/call-bind-1.0.7.tgz. Extracting by manifest.
324 silly tarball no local data for mime@https://registry.npmjs.org/mime/-/mime-1.6.0.tgz. Extracting by manifest.
325 silly tarball no local data for side-channel@https://registry.npmjs.org/side-channel/-/side-channel-1.0.6.tgz. Extracting by manifest.
326 silly tarball no local data for ipaddr.js@https://registry.npmjs.org/ipaddr.js/-/ipaddr.js-1.9.1.tgz. Extracting by manifest.
327 silly tarball no local data for forwarded@https://registry.npmjs.org/forwarded/-/forwarded-0.2.0.tgz. Extracting by manifest.
328 silly tarball no local data for ee-first@https://registry.npmjs.org/ee-first/-/ee-first-1.1.1.tgz. Extracting by manifest.
329 silly tarball no local data for mime-db@https://registry.npmjs.org/mime-db/-/mime-db-1.52.0.tgz. Extracting by manifest.
330 silly tarball no local data for safer-buffer@https://registry.npmjs.org/safer-buffer/-/safer-buffer-2.1.2.tgz. Extracting by manifest.
331 silly tarball no local data for toidentifier@https://registry.npmjs.org/toidentifier/-/toidentifier-1.0.1.tgz. Extracting by manifest.
332 silly tarball no local data for inherits@https://registry.npmjs.org/inherits/-/inherits-2.0.4.tgz. Extracting by manifest.
333 silly tarball no local data for ms@https://registry.npmjs.org/ms/-/ms-2.0.0.tgz. Extracting by manifest.
334 silly tarball no local data for unpipe@https://registry.npmjs.org/unpipe/-/unpipe-1.0.0.tgz. Extracting by manifest.
335 silly tarball no local data for raw-body@https://registry.npmjs.org/raw-body/-/raw-body-2.5.2.tgz. Extracting by manifest.
336 silly tarball no local data for iconv-lite@https://registry.npmjs.org/iconv-lite/-/iconv-lite-0.4.24.tgz. Extracting by manifest.
337 silly tarball no local data for destroy@https://registry.npmjs.org/destroy/-/destroy-1.2.0.tgz. Extracting by manifest.
338 silly tarball no local data for bytes@https://registry.npmjs.org/bytes/-/bytes-3.1.2.tgz. Extracting by manifest.
339 silly tarball no local data for negotiator@https://registry.npmjs.org/negotiator/-/negotiator-0.6.3.tgz. Extracting by manifest.
340 silly tarball no local data for mime-types@https://registry.npmjs.org/mime-types/-/mime-types-2.1.35.tgz. Extracting by manifest.
341 silly tarball no local data for vary@https://registry.npmjs.org/vary/-/vary-1.1.2.tgz. Extracting by manifest.
342 silly tarball no local data for utils-merge@https://registry.npmjs.org/utils-merge/-/utils-merge-1.0.1.tgz. Extracting by manifest.
343 silly tarball no local data for type-is@https://registry.npmjs.org/type-is/-/type-is-1.6.18.tgz. Extracting by manifest.
344 silly tarball no local data for statuses@https://registry.npmjs.org/statuses/-/statuses-2.0.1.tgz. Extracting by manifest.
345 silly tarball no local data for setprototypeof@https://registry.npmjs.org/setprototypeof/-/setprototypeof-1.2.0.tgz. Extracting by manifest.
346 silly tarball no local data for serve-static@https://registry.npmjs.org/serve-static/-/serve-static-1.15.0.tgz. Extracting by manifest.
347 silly tarball no local data for send@https://registry.npmjs.org/send/-/send-0.18.0.tgz. Extracting by manifest.
348 silly tarball no local data for safe-buffer@https://registry.npmjs.org/safe-buffer/-/safe-buffer-5.2.1.tgz. Extracting by manifest.
349 silly tarball no local data for range-parser@https://registry.npmjs.org/range-parser/-/range-parser-1.2.1.tgz. Extracting by manifest.
350 silly tarball no local data for qs@https://registry.npmjs.org/qs/-/qs-6.11.0.tgz. Extracting by manifest.
351 silly tarball no local data for proxy-addr@https://registry.npmjs.org/proxy-addr/-/proxy-addr-2.0.7.tgz. Extracting by manifest.
352 silly tarball no local data for path-to-regexp@https://registry.npmjs.org/path-to-regexp/-/path-to-regexp-0.1.7.tgz. Extracting by manifest.
353 silly tarball no local data for parseurl@https://registry.npmjs.org/parseurl/-/parseurl-1.3.3.tgz. Extracting by manifest.
354 silly tarball no local data for on-finished@https://registry.npmjs.org/on-finished/-/on-finished-2.4.1.tgz. Extracting by manifest.
355 silly tarball no local data for methods@https://registry.npmjs.org/methods/-/methods-1.1.2.tgz. Extracting by manifest.
356 silly tarball no local data for merge-descriptors@https://registry.npmjs.org/merge-descriptors/-/merge-descriptors-1.0.1.tgz. Extracting by manifest.
357 silly tarball no local data for http-errors@https://registry.npmjs.org/http-errors/-/http-errors-2.0.0.tgz. Extracting by manifest.
358 silly tarball no local data for fresh@https://registry.npmjs.org/fresh/-/fresh-0.5.2.tgz. Extracting by manifest.
359 silly tarball no local data for finalhandler@https://registry.npmjs.org/finalhandler/-/finalhandler-1.2.0.tgz. Extracting by manifest.
360 silly tarball no local data for etag@https://registry.npmjs.org/etag/-/etag-1.8.1.tgz. Extracting by manifest.
361 silly tarball no local data for escape-html@https://registry.npmjs.org/escape-html/-/escape-html-1.0.3.tgz. Extracting by manifest.
362 silly tarball no local data for encodeurl@https://registry.npmjs.org/encodeurl/-/encodeurl-1.0.2.tgz. Extracting by manifest.
363 silly tarball no local data for depd@https://registry.npmjs.org/depd/-/depd-2.0.0.tgz. Extracting by manifest.
364 silly tarball no local data for debug@https://registry.npmjs.org/debug/-/debug-2.6.9.tgz. Extracting by manifest.
365 silly tarball no local data for cookie-signature@https://registry.npmjs.org/cookie-signature/-/cookie-signature-1.0.6.tgz. Extracting by manifest.
366 silly tarball no local data for cookie@https://registry.npmjs.org/cookie/-/cookie-0.6.0.tgz. Extracting by manifest.
367 silly tarball no local data for content-type@https://registry.npmjs.org/content-type/-/content-type-1.0.5.tgz. Extracting by manifest.
368 silly tarball no local data for content-disposition@https://registry.npmjs.org/content-disposition/-/content-disposition-0.5.4.tgz. Extracting by manifest.
369 silly tarball no local data for body-parser@https://registry.npmjs.org/body-parser/-/body-parser-1.20.2.tgz. Extracting by manifest.
370 silly tarball no local data for array-flatten@https://registry.npmjs.org/array-flatten/-/array-flatten-1.1.1.tgz. Extracting by manifest.
371 silly tarball no local data for accepts@https://registry.npmjs.org/accepts/-/accepts-1.3.8.tgz. Extracting by manifest.
372 silly tarball no local data for express@https://registry.npmjs.org/express/-/express-4.19.2.tgz. Extracting by manifest.
373 http fetch POST 200 https://registry.npmjs.org/-/npm/v1/security/advisories/bulk 657ms
374 timing auditReport:getReport Completed in 667ms
375 silly audit report {}
376 timing auditReport:init Completed in 0ms
377 timing reify:audit Completed in 670ms
378 http fetch GET 200 https://registry.npmjs.org/ee-first/-/ee-first-1.1.1.tgz 1358ms (cache miss)
379 timing reifyNode:node_modules/ee-first Completed in 1548ms
380 http fetch GET 200 https://registry.npmjs.org/ms/-/ms-2.1.3.tgz 1440ms (cache miss)
381 timing reifyNode:node_modules/send/node_modules/ms Completed in 1552ms
382 http fetch GET 200 https://registry.npmjs.org/utils-merge/-/utils-merge-1.0.1.tgz 1278ms (cache miss)
383 timing reifyNode:node_modules/utils-merge Completed in 1569ms
384 http fetch GET 200 https://registry.npmjs.org/setprototypeof/-/setprototypeof-1.2.0.tgz 1273ms (cache miss)
385 timing reifyNode:node_modules/setprototypeof Completed in 1572ms
386 http fetch GET 200 https://registry.npmjs.org/on-finished/-/on-finished-2.4.1.tgz 1243ms (cache miss)
387 timing reifyNode:node_modules/on-finished Completed in 1575ms
388 http fetch GET 200 https://registry.npmjs.org/has-property-descriptors/-/has-property-descriptors-1.0.2.tgz 1459ms (cache miss)
389 http fetch GET 200 https://registry.npmjs.org/media-typer/-/media-typer-0.3.0.tgz 1463ms (cache miss)
390 timing reifyNode:node_modules/media-typer Completed in 1583ms
391 http fetch GET 200 https://registry.npmjs.org/ipaddr.js/-/ipaddr.js-1.9.1.tgz 1410ms (cache miss)
392 timing reifyNode:node_modules/ipaddr.js Completed in 1588ms
393 http fetch GET 200 https://registry.npmjs.org/forwarded/-/forwarded-0.2.0.tgz 1409ms (cache miss)
394 timing reifyNode:node_modules/forwarded Completed in 1590ms
395 http fetch GET 200 https://registry.npmjs.org/toidentifier/-/toidentifier-1.0.1.tgz 1394ms (cache miss)
396 timing reifyNode:node_modules/toidentifier Completed in 1591ms
397 http fetch GET 200 https://registry.npmjs.org/call-bind/-/call-bind-1.0.7.tgz 1429ms (cache miss)
398 http fetch GET 200 https://registry.npmjs.org/mime-types/-/mime-types-2.1.35.tgz 1310ms (cache miss)
399 timing reifyNode:node_modules/mime-types Completed in 1595ms
400 http fetch GET 200 https://registry.npmjs.org/range-parser/-/range-parser-1.2.1.tgz 1284ms (cache miss)
401 timing reifyNode:node_modules/range-parser Completed in 1597ms
402 http fetch GET 200 https://registry.npmjs.org/parseurl/-/parseurl-1.3.3.tgz 1272ms (cache miss)
403 timing reifyNode:node_modules/parseurl Completed in 1601ms
404 timing reifyNode:node_modules/has-property-descriptors Completed in 1607ms
405 http fetch GET 200 https://registry.npmjs.org/gopd/-/gopd-1.0.1.tgz 1481ms (cache miss)
406 timing reifyNode:node_modules/gopd Completed in 1607ms
407 http fetch GET 200 https://registry.npmjs.org/inherits/-/inherits-2.0.4.tgz 1414ms (cache miss)
408 timing reifyNode:node_modules/inherits Completed in 1615ms
409 http fetch GET 200 https://registry.npmjs.org/type-is/-/type-is-1.6.18.tgz 1320ms (cache miss)
410 timing reifyNode:node_modules/type-is Completed in 1613ms
411 http fetch GET 200 https://registry.npmjs.org/negotiator/-/negotiator-0.6.3.tgz 1351ms (cache miss)
412 http fetch GET 200 https://registry.npmjs.org/methods/-/methods-1.1.2.tgz 1290ms (cache miss)
413 timing reifyNode:node_modules/methods Completed in 1625ms
414 http fetch GET 200 https://registry.npmjs.org/safe-buffer/-/safe-buffer-5.2.1.tgz 1315ms (cache miss)
415 timing reifyNode:node_modules/safe-buffer Completed in 1627ms
416 http fetch GET 200 https://registry.npmjs.org/define-data-property/-/define-data-property-1.1.4.tgz 1505ms (cache miss)
417 http fetch GET 200 https://registry.npmjs.org/hasown/-/hasown-2.0.2.tgz 1506ms (cache miss)
418 http fetch GET 200 https://registry.npmjs.org/ms/-/ms-2.0.0.tgz 1431ms (cache miss)
419 timing reifyNode:node_modules/ms Completed in 1639ms
420 http fetch GET 200 https://registry.npmjs.org/cookie-signature/-/cookie-signature-1.0.6.tgz 1264ms (cache miss)
421 timing reifyNode:node_modules/cookie-signature Completed in 1634ms
422 http fetch GET 200 https://registry.npmjs.org/bytes/-/bytes-3.1.2.tgz 1395ms (cache miss)
423 timing reifyNode:node_modules/bytes Completed in 1639ms
424 http fetch GET 200 https://registry.npmjs.org/unpipe/-/unpipe-1.0.0.tgz 1433ms (cache miss)
425 timing reifyNode:node_modules/unpipe Completed in 1643ms
426 http fetch GET 200 https://registry.npmjs.org/merge-descriptors/-/merge-descriptors-1.0.1.tgz 1304ms (cache miss)
427 timing reifyNode:node_modules/merge-descriptors Completed in 1641ms
428 timing reifyNode:node_modules/hasown Completed in 1650ms
429 http fetch GET 200 https://registry.npmjs.org/has-proto/-/has-proto-1.0.3.tgz 1507ms (cache miss)
430 timing reifyNode:node_modules/has-proto Completed in 1650ms
431 http fetch GET 200 https://registry.npmjs.org/mime/-/mime-1.6.0.tgz 1482ms (cache miss)
432 timing reifyNode:node_modules/call-bind Completed in 1656ms
433 http fetch GET 200 https://registry.npmjs.org/destroy/-/destroy-1.2.0.tgz 1431ms (cache miss)
434 timing reifyNode:node_modules/destroy Completed in 1658ms
435 http fetch GET 200 https://registry.npmjs.org/proxy-addr/-/proxy-addr-2.0.7.tgz 1333ms (cache miss)
436 timing reifyNode:node_modules/proxy-addr Completed in 1655ms
437 http fetch GET 200 https://registry.npmjs.org/escape-html/-/escape-html-1.0.3.tgz 1299ms (cache miss)
438 timing reifyNode:node_modules/escape-html Completed in 1655ms
439 http fetch GET 200 https://registry.npmjs.org/es-define-property/-/es-define-property-1.0.0.tgz 1509ms (cache miss)
440 http fetch GET 200 https://registry.npmjs.org/side-channel/-/side-channel-1.0.6.tgz 1492ms (cache miss)
441 http fetch GET 200 https://registry.npmjs.org/encodeurl/-/encodeurl-1.0.2.tgz 1305ms (cache miss)
442 timing reifyNode:node_modules/encodeurl Completed in 1664ms
443 http fetch GET 200 https://registry.npmjs.org/cookie/-/cookie-0.6.0.tgz 1288ms (cache miss)
444 timing reifyNode:node_modules/cookie Completed in 1664ms
445 timing reifyNode:node_modules/negotiator Completed in 1669ms
446 http fetch GET 200 https://registry.npmjs.org/vary/-/vary-1.1.2.tgz 1382ms (cache miss)
447 timing reifyNode:node_modules/vary Completed in 1670ms
448 http fetch GET 200 https://registry.npmjs.org/statuses/-/statuses-2.0.1.tgz 1373ms (cache miss)
449 timing reifyNode:node_modules/statuses Completed in 1668ms
450 http fetch GET 200 https://registry.npmjs.org/array-flatten/-/array-flatten-1.1.1.tgz 1272ms (cache miss)
451 timing reifyNode:node_modules/array-flatten Completed in 1666ms
452 http fetch GET 200 https://registry.npmjs.org/path-to-regexp/-/path-to-regexp-0.1.7.tgz 1345ms (cache miss)
453 timing reifyNode:node_modules/path-to-regexp Completed in 1672ms
454 http fetch GET 200 https://registry.npmjs.org/content-type/-/content-type-1.0.5.tgz 1288ms (cache miss)
455 timing reifyNode:node_modules/content-type Completed in 1670ms
456 http fetch GET 200 https://registry.npmjs.org/fresh/-/fresh-0.5.2.tgz 1327ms (cache miss)
457 timing reifyNode:node_modules/fresh Completed in 1671ms
458 http fetch GET 200 https://registry.npmjs.org/etag/-/etag-1.8.1.tgz 1320ms (cache miss)
459 timing reifyNode:node_modules/etag Completed in 1672ms
460 timing reifyNode:node_modules/define-data-property Completed in 1679ms
461 timing reifyNode:node_modules/mime Completed in 1688ms
462 http fetch GET 200 https://registry.npmjs.org/http-errors/-/http-errors-2.0.0.tgz 1342ms (cache miss)
463 timing reifyNode:node_modules/http-errors Completed in 1682ms
464 http fetch GET 200 https://registry.npmjs.org/accepts/-/accepts-1.3.8.tgz 1287ms (cache miss)
465 timing reifyNode:node_modules/accepts Completed in 1684ms
466 http fetch GET 200 https://registry.npmjs.org/depd/-/depd-2.0.0.tgz 1327ms (cache miss)
467 timing reifyNode:node_modules/depd Completed in 1689ms
468 http fetch GET 200 https://registry.npmjs.org/content-disposition/-/content-disposition-0.5.4.tgz 1305ms (cache miss)
469 timing reifyNode:node_modules/content-disposition Completed in 1691ms
470 http fetch GET 200 https://registry.npmjs.org/finalhandler/-/finalhandler-1.2.0.tgz 1347ms (cache miss)
471 timing reifyNode:node_modules/finalhandler Completed in 1693ms
472 http fetch GET 200 https://registry.npmjs.org/set-function-length/-/set-function-length-1.2.2.tgz 1556ms (cache miss)
473 timing reifyNode:node_modules/es-define-property Completed in 1703ms
474 timing reifyNode:node_modules/side-channel Completed in 1702ms
475 timing reifyNode:node_modules/set-function-length Completed in 1716ms
476 http fetch GET 200 https://registry.npmjs.org/serve-static/-/serve-static-1.15.0.tgz 1411ms (cache miss)
477 timing reifyNode:node_modules/serve-static Completed in 1712ms
478 http fetch GET 200 https://registry.npmjs.org/send/-/send-0.18.0.tgz 1407ms (cache miss)
479 timing reifyNode:node_modules/send Completed in 1715ms
480 http fetch GET 200 https://registry.npmjs.org/get-intrinsic/-/get-intrinsic-1.2.4.tgz 1570ms (cache miss)
481 http fetch GET 200 https://registry.npmjs.org/es-errors/-/es-errors-1.3.0.tgz 1568ms (cache miss)
482 http fetch GET 200 https://registry.npmjs.org/raw-body/-/raw-body-2.5.2.tgz 1517ms (cache miss)
483 timing reifyNode:node_modules/raw-body Completed in 1731ms
484 timing reifyNode:node_modules/get-intrinsic Completed in 1739ms
485 http fetch GET 200 https://registry.npmjs.org/body-parser/-/body-parser-1.20.2.tgz 1341ms (cache miss)
486 timing reifyNode:node_modules/es-errors Completed in 1743ms
487 http fetch GET 200 https://registry.npmjs.org/has-symbols/-/has-symbols-1.0.3.tgz 1611ms (cache miss)
488 timing reifyNode:node_modules/has-symbols Completed in 1751ms
489 timing reifyNode:node_modules/body-parser Completed in 1745ms
490 http fetch GET 200 https://registry.npmjs.org/function-bind/-/function-bind-1.1.2.tgz 1605ms (cache miss)
491 timing reifyNode:node_modules/function-bind Completed in 1754ms
492 http fetch GET 200 https://registry.npmjs.org/safer-buffer/-/safer-buffer-2.1.2.tgz 1560ms (cache miss)
493 timing reifyNode:node_modules/safer-buffer Completed in 1754ms
494 http fetch GET 200 https://registry.npmjs.org/debug/-/debug-2.6.9.tgz 1385ms (cache miss)
495 timing reifyNode:node_modules/debug Completed in 1753ms
496 http fetch GET 200 https://registry.npmjs.org/mime-db/-/mime-db-1.52.0.tgz 1581ms (cache miss)
497 timing reifyNode:node_modules/mime-db Completed in 1773ms
498 http fetch GET 200 https://registry.npmjs.org/qs/-/qs-6.11.0.tgz 1474ms (cache miss)
499 timing reifyNode:node_modules/qs Completed in 1796ms
500 http fetch GET 200 https://registry.npmjs.org/express/-/express-4.19.2.tgz 1394ms (cache miss)
501 timing reifyNode:node_modules/express Completed in 1793ms
502 http fetch GET 200 https://registry.npmjs.org/object-inspect/-/object-inspect-1.13.2.tgz 1650ms (cache miss)
503 timing reifyNode:node_modules/object-inspect Completed in 1808ms
504 http fetch GET 200 https://registry.npmjs.org/iconv-lite/-/iconv-lite-0.4.24.tgz 1610ms (cache miss)
505 timing reifyNode:node_modules/iconv-lite Completed in 1829ms
506 timing reify:unpack Completed in 1832ms
507 timing reify:unretire Completed in 3ms
508 timing build:queue Completed in 10ms
509 timing build:link:node_modules/mime Completed in 7ms
510 timing build:link Completed in 8ms
511 timing build:deps Completed in 22ms
512 timing build Completed in 22ms
513 timing reify:build Completed in 25ms
514 timing reify:trash Completed in 0ms
515 timing reify:save Completed in 53ms
516 timing reify Completed in 3811ms
517 silly ADD node_modules/media-typer
518 silly ADD node_modules/has-property-descriptors
519 silly ADD node_modules/gopd
520 silly ADD node_modules/define-data-property
521 silly ADD node_modules/hasown
522 silly ADD node_modules/has-symbols
523 silly ADD node_modules/has-proto
524 silly ADD node_modules/set-function-length
525 silly ADD node_modules/function-bind
526 silly ADD node_modules/es-define-property
527 silly ADD node_modules/object-inspect
528 silly ADD node_modules/get-intrinsic
529 silly ADD node_modules/es-errors
530 silly ADD node_modules/call-bind
531 silly ADD node_modules/mime
532 silly ADD node_modules/side-channel
533 silly ADD node_modules/ipaddr.js
534 silly ADD node_modules/forwarded
535 silly ADD node_modules/ee-first
536 silly ADD node_modules/mime-db
537 silly ADD node_modules/safer-buffer
538 silly ADD node_modules/toidentifier
539 silly ADD node_modules/inherits
540 silly ADD node_modules/ms
541 silly ADD node_modules/unpipe
542 silly ADD node_modules/raw-body
543 silly ADD node_modules/iconv-lite
544 silly ADD node_modules/destroy
545 silly ADD node_modules/bytes
546 silly ADD node_modules/negotiator
547 silly ADD node_modules/mime-types
548 silly ADD node_modules/vary
549 silly ADD node_modules/utils-merge
550 silly ADD node_modules/type-is
551 silly ADD node_modules/statuses
552 silly ADD node_modules/setprototypeof
553 silly ADD node_modules/serve-static
554 silly ADD node_modules/send
555 silly ADD node_modules/send/node_modules/ms
556 silly ADD node_modules/safe-buffer
557 silly ADD node_modules/range-parser
558 silly ADD node_modules/qs
559 silly ADD node_modules/proxy-addr
560 silly ADD node_modules/path-to-regexp
561 silly ADD node_modules/parseurl
562 silly ADD node_modules/on-finished
563 silly ADD node_modules/methods
564 silly ADD node_modules/merge-descriptors
565 silly ADD node_modules/http-errors
566 silly ADD node_modules/fresh
567 silly ADD node_modules/finalhandler
568 silly ADD node_modules/etag
569 silly ADD node_modules/escape-html
570 silly ADD node_modules/encodeurl
571 silly ADD node_modules/depd
572 silly ADD node_modules/debug
573 silly ADD node_modules/cookie-signature
574 silly ADD node_modules/cookie
575 silly ADD node_modules/content-type
576 silly ADD node_modules/content-disposition
577 silly ADD node_modules/body-parser
578 silly ADD node_modules/array-flatten
579 silly ADD node_modules/accepts
580 silly ADD node_modules/express
581 timing command:install Completed in 3839ms
582 verbose exit 0
583 timing npm Completed in 3929ms
584 info ok
